<?xml version="1.0" encoding="UTF-8"?>
<robot generator="Robot 5.0.1 (Python 3.10.7 on win32)" generated="20221011 08:39:30.673" rpa="false" schemaversion="3">
<suite id="s1" name="Test" source="C:\Users\fakhran\Desktop\Robot\basic-action\Suites\test.robot">
<test id="s1-t1" name="User Should Be Able Open Google Chrome Browser" line="7">
<kw name="Open Browser With Google Chrome" library="Demoblaze_keywords">
<kw name="Open Browser" library="SeleniumLibrary">
<arg>url=${DEMOBLAZE_URL}</arg>
<arg>browser=${CHROME_BROWSER}</arg>
<doc>Opens a new browser instance to the optional ``url``.</doc>
<msg timestamp="20221011 08:39:30.836" level="INFO">Opening browser 'googlechrome' to base url 'https://www.demoblaze.com/index.html'.</msg>
<status status="PASS" starttime="20221011 08:39:30.835" endtime="20221011 08:39:34.146"/>
</kw>
<kw name="Maximize Browser Window" library="SeleniumLibrary">
<doc>Maximizes current browser window.</doc>
<status status="PASS" starttime="20221011 08:39:34.146" endtime="20221011 08:39:34.269"/>
</kw>
<status status="PASS" starttime="20221011 08:39:30.835" endtime="20221011 08:39:34.270"/>
</kw>
<status status="PASS" starttime="20221011 08:39:30.834" endtime="20221011 08:39:34.270"/>
</test>
<test id="s1-t2" name="Verify Top Menu" line="10">
<kw name="Verify Top Menu Button" library="Demoblaze_keywords">
<kw name="Element Should Be Visible" library="SeleniumLibrary">
<arg>${Home}</arg>
<doc>Verifies that the element identified by ``locator`` is visible.</doc>
<msg timestamp="20221011 08:39:34.286" level="INFO">Element '//*[contains(text(),'Home')]' is displayed.</msg>
<status status="PASS" starttime="20221011 08:39:34.271" endtime="20221011 08:39:34.286"/>
</kw>
<status status="PASS" starttime="20221011 08:39:34.271" endtime="20221011 08:39:34.286"/>
</kw>
<status status="PASS" starttime="20221011 08:39:34.271" endtime="20221011 08:39:34.287"/>
</test>
<test id="s1-t3" name="User Should Be Able Login" line="13">
<kw name="Click Login Button In Homepage" library="Demoblaze_keywords">
<kw name="Wait Until Element Is Visible" library="SeleniumLibrary">
<arg>${LoginButton}</arg>
<doc>Waits until the element ``locator`` is visible.</doc>
<status status="PASS" starttime="20221011 08:39:34.288" endtime="20221011 08:39:34.301"/>
</kw>
<kw name="Click Element" library="SeleniumLibrary">
<arg>${LoginButton}</arg>
<doc>Click the element identified by ``locator``.</doc>
<msg timestamp="20221011 08:39:34.301" level="INFO">Clicking element '//*[@id="login2"]'.</msg>
<status status="PASS" starttime="20221011 08:39:34.301" endtime="20221011 08:39:34.324"/>
</kw>
<status status="PASS" starttime="20221011 08:39:34.288" endtime="20221011 08:39:34.324"/>
</kw>
<kw name="Input Username" library="Demoblaze_keywords">
<kw name="Wait Until Element Is Visible" library="SeleniumLibrary">
<arg>${FieldUsername}</arg>
<doc>Waits until the element ``locator`` is visible.</doc>
<status status="PASS" starttime="20221011 08:39:34.325" endtime="20221011 08:39:34.546"/>
</kw>
<kw name="Input Text" library="SeleniumLibrary">
<arg>${FieldUsername}</arg>
<arg>text=test4567</arg>
<doc>Types the given ``text`` into the text field identified by ``locator``.</doc>
<msg timestamp="20221011 08:39:34.547" level="INFO">Typing text 'test4567' into text field '//*[@id="loginusername"]'.</msg>
<status status="PASS" starttime="20221011 08:39:34.546" endtime="20221011 08:39:34.590"/>
</kw>
<status status="PASS" starttime="20221011 08:39:34.325" endtime="20221011 08:39:34.590"/>
</kw>
<kw name="Input Password" library="Demoblaze_keywords">
<kw name="Wait Until Element Is Visible" library="SeleniumLibrary">
<arg>${FieldPassword}</arg>
<doc>Waits until the element ``locator`` is visible.</doc>
<status status="PASS" starttime="20221011 08:39:34.591" endtime="20221011 08:39:34.603"/>
</kw>
<kw name="Input Text" library="SeleniumLibrary">
<arg>${FieldPassword}</arg>
<arg>text=test</arg>
<doc>Types the given ``text`` into the text field identified by ``locator``.</doc>
<msg timestamp="20221011 08:39:34.604" level="INFO">Typing text 'test' into text field '//*[@id="loginpassword"]'.</msg>
<status status="PASS" starttime="20221011 08:39:34.604" endtime="20221011 08:39:34.646"/>
</kw>
<status status="PASS" starttime="20221011 08:39:34.590" endtime="20221011 08:39:34.646"/>
</kw>
<kw name="Click Login Button" library="Demoblaze_keywords">
<kw name="Click Element" library="SeleniumLibrary">
<arg>${ButtonLogin}</arg>
<doc>Click the element identified by ``locator``.</doc>
<msg timestamp="20221011 08:39:34.647" level="INFO">Clicking element '//button[contains(text(),'Log in')]'.</msg>
<status status="PASS" starttime="20221011 08:39:34.647" endtime="20221011 08:39:34.672"/>
</kw>
<status status="PASS" starttime="20221011 08:39:34.646" endtime="20221011 08:39:34.672"/>
</kw>
<status status="PASS" starttime="20221011 08:39:34.287" endtime="20221011 08:39:34.672"/>
</test>
<status status="PASS" starttime="20221011 08:39:30.675" endtime="20221011 08:39:34.673"/>
</suite>
<statistics>
<total>
<stat pass="3" fail="0" skip="0">All Tests</stat>
</total>
<tag>
</tag>
<suite>
<stat pass="3" fail="0" skip="0" id="s1" name="Test">Test</stat>
</suite>
</statistics>
<errors>
</errors>
</robot>
